<?xml version="1.0" encoding="UTF-8"?>
<!-- Generated by org.testng.reporters.JUnitReportReporter -->
<testsuite hostname="LAPTOP-CR65UQSD" failures="0" tests="2" name="CucumberPractice.CucumberPractice.TestNGRunnerTest" time="10.226" errors="0" timestamp="2024-08-08T01:28:01 IST" skipped="0">
  <testcase classname="CucumberPractice.CucumberPractice.TestNGRunnerTest" name="runScenario" time="5.569"/>
  <testcase classname="CucumberPractice.CucumberPractice.TestNGRunnerTest" name="runScenario" time="4.657"/>
</testsuite> <!-- CucumberPractice.CucumberPractice.TestNGRunnerTest -->
