<?xml version="1.0" encoding="UTF-8"?>
<!-- Generated by org.testng.reporters.JUnitReportReporter -->
<testsuite hostname="LAPTOP-CR65UQSD" failures="0" tests="2" name="CucumberPractice.CucumberPractice.TestNGTestRunner" time="10.156" errors="0" timestamp="2024-08-08T00:37:58 IST" skipped="0">
  <testcase classname="CucumberPractice.CucumberPractice.TestNGTestRunner" name="runScenario" time="4.291"/>
  <testcase classname="CucumberPractice.CucumberPractice.TestNGTestRunner" name="runScenario" time="5.865"/>
</testsuite> <!-- CucumberPractice.CucumberPractice.TestNGTestRunner -->
