<?xml version="1.0" encoding="UTF-8"?>
<!-- Generated by org.testng.reporters.JUnitReportReporter -->
<testsuite hostname="LAPTOP-CR65UQSD" failures="0" tests="1" name="CucumberPractice.CucumberPractice.SampleTest" time="2.057" errors="0" timestamp="2024-08-07T00:56:10 IST" skipped="0">
  <testcase classname="CucumberPractice.CucumberPractice.SampleTest" name="googleSearch" time="2.057"/>
</testsuite> <!-- CucumberPractice.CucumberPractice.SampleTest -->
